<?xml version="1.0" encoding="UTF-8"?>
<!-- Generated by org.testng.reporters.JUnitReportReporter -->
<testsuite hostname="Syeds-Air" failures="0" tests="1" name="practiceTestCases_51.TestCase13" time="15.393" errors="0" timestamp="2023-05-21T15:56:37 EDT" skipped="0">
  <testcase classname="practiceTestCases_51.TestCase13" name="clickOnImageAndAddBookToTheBasketThenProceedToTheCheckoutPageAndCheckTheFinalPrice" time="15.393"/>
  <system-out/>
</testsuite> <!-- practiceTestCases_51.TestCase13 -->
