<?xml version="1.0" encoding="UTF-8"?>
<!-- Generated by org.testng.reporters.JUnitReportReporter -->
<testsuite hostname="DESKTOP-8J1GC5Q" failures="0" tests="8" name="testNG_Topics.dataProviderTestCase" time="0.016" errors="0" timestamp="2023-05-22T21:56:56 EDT" skipped="0">
  <testcase classname="testNG_Topics.dataProviderTestCase" name="myTest" time="0.002"/>
  <system-out/>
  <testcase classname="testNG_Topics.dataProviderTestCase" name="myTest" time="0.001"/>
  <system-out/>
  <testcase classname="testNG_Topics.dataProviderTestCase" name="myTest" time="0.001"/>
  <system-out/>
  <testcase classname="testNG_Topics.dataProviderTestCase" name="myTest" time="0.001"/>
  <system-out/>
  <testcase classname="testNG_Topics.dataProviderTestCase" name="myTest" time="0.001"/>
  <system-out/>
  <testcase classname="testNG_Topics.dataProviderTestCase" name="myTest" time="0.009"/>
  <system-out/>
  <testcase classname="testNG_Topics.dataProviderTestCase" name="myTest" time="0.001"/>
  <system-out/>
  <testcase classname="testNG_Topics.dataProviderTestCase" name="myTest" time="0.000"/>
  <system-out/>
</testsuite> <!-- testNG_Topics.dataProviderTestCase -->
