<?xml version="1.0" encoding="UTF-8"?>
<!-- Generated by org.testng.reporters.JUnitReportReporter -->
<testsuite hostname="Syeds-Air" failures="0" tests="4" name="practiceTestCases_51.TestCase09" time="29.060" errors="0" timestamp="2023-05-21T14:43:03 EDT" skipped="0">
  <testcase classname="practiceTestCases_51.TestCase09" name="clickShop" time="3.545"/>
  <system-out/>
  <testcase classname="practiceTestCases_51.TestCase09" name="arrivalCount" time="9.979"/>
  <system-out/>
  <testcase classname="practiceTestCases_51.TestCase09" name="clickOnImageAndAddMoreBooksToBasketAndUseCoupon" time="6.499"/>
  <system-out/>
  <testcase classname="practiceTestCases_51.TestCase09" name="clickHome" time="9.037"/>
  <system-out/>
</testsuite> <!-- practiceTestCases_51.TestCase09 -->
