<?xml version="1.0" encoding="UTF-8"?>
<!-- Generated by org.testng.reporters.JUnitReportReporter -->
<testsuite hostname="Syeds-Air" failures="0" tests="4" name="practiceTestCases_51.TestCase08" time="29.484" errors="0" timestamp="2023-05-21T14:37:59 EDT" skipped="0">
  <testcase classname="practiceTestCases_51.TestCase08" name="clickShop" time="3.926"/>
  <system-out/>
  <testcase classname="practiceTestCases_51.TestCase08" name="arrivalCount" time="9.866"/>
  <system-out/>
  <testcase classname="practiceTestCases_51.TestCase08" name="clickOnImageAndAddMoreBooksToBasketAndCheckout" time="8.223"/>
  <system-out/>
  <testcase classname="practiceTestCases_51.TestCase08" name="clickHome" time="7.469"/>
  <system-out/>
</testsuite> <!-- practiceTestCases_51.TestCase08 -->
