<?xml version="1.0" encoding="UTF-8"?>
<!-- Generated by org.testng.reporters.JUnitReportReporter -->
<testsuite hostname="DESKTOP-8J1GC5Q" failures="0" tests="4" name="practiceTestCases_51.TestCase03" time="23.540" errors="0" timestamp="2023-05-18T16:01:26 EDT" skipped="0">
  <testcase classname="practiceTestCases_51.TestCase03" name="clickShop" time="3.693"/>
  <system-out/>
  <testcase classname="practiceTestCases_51.TestCase03" name="arrivalCount" time="9.000"/>
  <system-out/>
  <testcase classname="practiceTestCases_51.TestCase03" name="clickHome" time="6.968"/>
  <system-out/>
  <testcase classname="practiceTestCases_51.TestCase03" name="clickOnImage" time="3.879"/>
  <system-out/>
</testsuite> <!-- practiceTestCases_51.TestCase03 -->
