<?xml version="1.0" encoding="UTF-8"?>
<!-- Generated by org.testng.reporters.JUnitReportReporter -->
<testsuite hostname="Syeds-Air" failures="0" tests="4" name="practiceTestCases_51.TestCase10" time="28.316" errors="0" timestamp="2023-05-21T15:18:12 EDT" skipped="0">
  <testcase classname="practiceTestCases_51.TestCase10" name="clickShop" time="3.423"/>
  <system-out/>
  <testcase classname="practiceTestCases_51.TestCase10" name="arrivalCount" time="9.664"/>
  <system-out/>
  <testcase classname="practiceTestCases_51.TestCase10" name="clickOnImageAndAddMoreBooksToBasketAndUseAnotherCoupon" time="7.223"/>
  <system-out/>
  <testcase classname="practiceTestCases_51.TestCase10" name="clickHome" time="8.006"/>
  <system-out/>
</testsuite> <!-- practiceTestCases_51.TestCase10 -->
