<?xml version="1.0" encoding="UTF-8"?>
<!-- Generated by org.testng.reporters.JUnitReportReporter -->
<testsuite hostname="DESKTOP-8J1GC5Q" failures="0" tests="5" name="testNG_Topics.priorityTest" time="0.011" errors="0" timestamp="2023-05-18T19:25:45 EDT" skipped="0">
  <testcase classname="testNG_Topics.priorityTest" name="Lapa" time="0.008"/>
  <system-out/>
  <testcase classname="testNG_Topics.priorityTest" name="abcMouse" time="0.000"/>
  <system-out/>
  <testcase classname="testNG_Topics.priorityTest" name="zrox" time="0.001"/>
  <system-out/>
  <testcase classname="testNG_Topics.priorityTest" name="tomAndJerry" time="0.001"/>
  <system-out/>
  <testcase classname="testNG_Topics.priorityTest" name="callOfDuty" time="0.001"/>
  <system-out/>
</testsuite> <!-- testNG_Topics.priorityTest -->
