<?xml version="1.0" encoding="UTF-8"?>
<!-- Generated by org.testng.reporters.JUnitReportReporter -->
<testsuite hostname="DESKTOP-8J1GC5Q" failures="0" tests="2" name="testNG_Topics.annotations_description" time="0.003" errors="0" timestamp="2023-05-16T20:21:02 EDT" skipped="0">
  <testcase classname="testNG_Topics.annotations_description" name="testCase1" time="0.002"/>
  <system-out/>
  <testcase classname="testNG_Topics.annotations_description" name="testCase2" time="0.001"/>
  <system-out/>
</testsuite> <!-- testNG_Topics.annotations_description -->
