<?xml version="1.0" encoding="UTF-8"?>
<!-- Generated by org.testng.reporters.JUnitReportReporter -->
<testsuite hostname="DESKTOP-8J1GC5Q" failures="0" tests="1" name="practiceTestCases_51.TestCase32" time="13.900" errors="0" timestamp="2023-05-24T14:55:39 EDT" skipped="0">
  <testcase classname="practiceTestCases_51.TestCase32" name="moveTheSlider" time="13.900"/>
  <system-out/>
</testsuite> <!-- practiceTestCases_51.TestCase32 -->
