<?xml version="1.0" encoding="UTF-8"?>
<!-- Generated by org.testng.reporters.JUnitReportReporter -->
<testsuite hostname="Syeds-Air" failures="0" tests="5" name="practiceTestCases_51.TestCase06" time="29.639" errors="0" timestamp="2023-05-21T12:53:16 EDT" skipped="1">
  <testcase classname="practiceTestCases_51.TestCase06" name="clickShop" time="3.441"/>
  <system-out/>
  <testcase classname="practiceTestCases_51.TestCase06" name="clickHome" time="6.682"/>
  <system-out/>
  <testcase classname="practiceTestCases_51.TestCase06" name="arrivalCount" time="12.725"/>
  <system-out/>
  <testcase classname="practiceTestCases_51.TestCase06" name="clickOnImageAndAddToBasket" time="6.791"/>
  <system-out/>
  <testcase classname="practiceTestCases_51.TestCase06" name="addToBasket">
    <skipped/>
  </testcase> <!-- addToBasket -->
  <system-out/>
</testsuite> <!-- practiceTestCases_51.TestCase06 -->
