<?xml version="1.0" encoding="UTF-8"?>
<!-- Generated by org.testng.reporters.JUnitReportReporter -->
<testsuite hostname="Syeds-Air" failures="0" tests="1" name="practiceTestCases_51.TestCase31" time="10.232" errors="0" timestamp="2023-05-21T23:47:46 EDT" skipped="0">
  <testcase classname="practiceTestCases_51.TestCase31" name="accountRegistrationUsingEmptyCredentials" time="10.232"/>
  <system-out/>
</testsuite> <!-- practiceTestCases_51.TestCase31 -->
