<?xml version="1.0" encoding="UTF-8"?>
<!-- Generated by org.testng.reporters.JUnitReportReporter -->
<testsuite hostname="Syeds-Air" failures="0" tests="1" name="practiceTestCases_51.TestCase27" time="9.389" errors="0" timestamp="2023-05-21T22:28:45 EDT" skipped="0">
  <testcase classname="practiceTestCases_51.TestCase27" name="accountRegistration" time="9.389"/>
  <system-out/>
</testsuite> <!-- practiceTestCases_51.TestCase27 -->
