<?xml version="1.0" encoding="UTF-8"?>
<!-- Generated by org.testng.reporters.JUnitReportReporter -->
<testsuite hostname="Syeds-Air" failures="0" tests="1" name="practiceTestCases_51.TestCase21" time="12.290" errors="0" timestamp="2023-05-21T21:59:55 EDT" skipped="0">
  <testcase classname="practiceTestCases_51.TestCase21" name="myAccountLoginWithCorrectUsernameAndEmptyPassword" time="12.290"/>
  <system-out/>
</testsuite> <!-- practiceTestCases_51.TestCase21 -->
