<?xml version="1.0" encoding="UTF-8"?>
<!-- Generated by org.testng.reporters.JUnitReportReporter -->
<testsuite hostname="DESKTOP-8J1GC5Q" failures="0" tests="5" name="practiceTestCases_51.TestCase05" time="42.329" errors="0" timestamp="2023-05-18T16:34:57 EDT" skipped="0">
  <testcase classname="practiceTestCases_51.TestCase05" name="clickShop" time="3.934"/>
  <system-out/>
  <testcase classname="practiceTestCases_51.TestCase05" name="clickOnImage" time="11.189"/>
  <system-out/>
  <testcase classname="practiceTestCases_51.TestCase05" name="arrivalCount" time="12.264"/>
  <system-out/>
  <testcase classname="practiceTestCases_51.TestCase05" name="clickHome" time="7.601"/>
  <system-out/>
  <testcase classname="practiceTestCases_51.TestCase05" name="clickOnReview" time="7.341"/>
  <system-out/>
</testsuite> <!-- practiceTestCases_51.TestCase05 -->
