<?xml version="1.0" encoding="UTF-8"?>
<!-- Generated by org.testng.reporters.JUnitReportReporter -->
<testsuite hostname="Syeds-Air" failures="0" tests="1" name="practiceTestCases_51.TestCase19" time="12.659" errors="0" timestamp="2023-05-21T21:36:14 EDT" skipped="0">
  <testcase classname="practiceTestCases_51.TestCase19" name="myAccountLogin" time="12.659"/>
  <system-out/>
</testsuite> <!-- practiceTestCases_51.TestCase19 -->
