<?xml version="1.0" encoding="UTF-8"?>
<!-- Generated by org.testng.reporters.JUnitReportReporter -->
<testsuite hostname="Syeds-Air" failures="0" tests="1" name="practiceTestCases_51.TestCase26" time="16.547" errors="0" timestamp="2023-05-21T22:12:12 EDT" skipped="0">
  <testcase classname="practiceTestCases_51.TestCase26" name="myAccountLogin" time="16.547"/>
  <system-out/>
</testsuite> <!-- practiceTestCases_51.TestCase26 -->
