<?xml version="1.0" encoding="UTF-8"?>
<!-- Generated by org.testng.reporters.JUnitReportReporter -->
<testsuite hostname="DESKTOP-8J1GC5Q" failures="0" tests="4" name="testNG_Topics.dependencyTestUsingAnnotation" time="0.011" errors="0" timestamp="2023-05-17T21:51:33 EDT" skipped="0">
  <testcase classname="testNG_Topics.dependencyTestUsingAnnotation" name="dashboardCheck" time="0.001"/>
  <system-out/>
  <testcase classname="testNG_Topics.dependencyTestUsingAnnotation" name="hellooooo" time="0.008"/>
  <system-out/>
  <testcase classname="testNG_Topics.dependencyTestUsingAnnotation" name="login2" time="0.001"/>
  <system-out/>
  <testcase classname="testNG_Topics.dependencyTestUsingAnnotation" name="login1" time="0.001"/>
  <system-out/>
</testsuite> <!-- testNG_Topics.dependencyTestUsingAnnotation -->
