<?xml version="1.0" encoding="UTF-8"?>
<!-- Generated by org.testng.reporters.JUnitReportReporter -->
<testsuite hostname="DESKTOP-8J1GC5Q" failures="0" tests="1" name="seleniumDay05.alertTestCases" time="17.234" errors="0" timestamp="2023-05-25T20:23:31 EDT" skipped="0">
  <testcase classname="seleniumDay05.alertTestCases" name="handleAlertBoxes" time="17.234"/>
  <system-out/>
</testsuite> <!-- seleniumDay05.alertTestCases -->
