<?xml version="1.0" encoding="UTF-8"?>
<!-- Generated by org.testng.reporters.JUnitReportReporter -->
<testsuite hostname="DESKTOP-8J1GC5Q" failures="0" tests="5" name="practiceTestCases_51.TestCase04" time="36.147" errors="0" timestamp="2023-05-18T16:28:13 EDT" skipped="0">
  <testcase classname="practiceTestCases_51.TestCase04" name="clickShop" time="3.495"/>
  <system-out/>
  <testcase classname="practiceTestCases_51.TestCase04" name="arrivalCount" time="11.317"/>
  <system-out/>
  <testcase classname="practiceTestCases_51.TestCase04" name="clickHome" time="7.150"/>
  <system-out/>
  <testcase classname="practiceTestCases_51.TestCase04" name="clickOnImage" time="7.241"/>
  <system-out/>
  <testcase classname="practiceTestCases_51.TestCase04" name="clickOnDescription" time="6.944"/>
  <system-out/>
</testsuite> <!-- practiceTestCases_51.TestCase04 -->
