<?xml version="1.0" encoding="UTF-8"?>
<!-- Generated by org.testng.reporters.JUnitReportReporter -->
<testsuite hostname="DESKTOP-8J1GC5Q" failures="0" tests="2" name="testNG_Topics.multiBrowser" time="0.010" errors="0" timestamp="2023-05-18T21:39:19 EDT" skipped="0">
  <testcase classname="testNG_Topics.multiBrowser" name="login" time="0.003"/>
  <system-out/>
  <testcase classname="testNG_Topics.multiBrowser" name="login" time="0.007"/>
  <system-out/>
</testsuite> <!-- testNG_Topics.multiBrowser -->
