<?xml version="1.0" encoding="UTF-8"?>
<!-- Generated by org.testng.reporters.JUnitReportReporter -->
<testsuite hostname="DESKTOP-8J1GC5Q" failures="0" tests="1" name="testNG_Topics.ParameterizedTest" time="0.008" errors="0" timestamp="2023-05-22T21:06:01 EDT" skipped="0">
  <testcase classname="testNG_Topics.ParameterizedTest" name="parameterTest" time="0.008"/>
  <system-out/>
</testsuite> <!-- testNG_Topics.ParameterizedTest -->
