<?xml version="1.0" encoding="UTF-8"?>
<!-- Generated by org.testng.reporters.JUnitReportReporter -->
<testsuite hostname="Syeds-Air" failures="0" tests="4" name="practiceTestCases_51.TestCase12" time="26.448" errors="0" timestamp="2023-05-21T15:53:30 EDT" skipped="0">
  <testcase classname="practiceTestCases_51.TestCase12" name="clickShop" time="3.596"/>
  <system-out/>
  <testcase classname="practiceTestCases_51.TestCase12" name="arrivalCount" time="8.582"/>
  <system-out/>
  <testcase classname="practiceTestCases_51.TestCase12" name="clickOnImageAndAddBookToTheBasketThenRemoveItAndPressUpdateBasketButton" time="7.542"/>
  <system-out/>
  <testcase classname="practiceTestCases_51.TestCase12" name="clickHome" time="6.728"/>
  <system-out/>
</testsuite> <!-- practiceTestCases_51.TestCase12 -->
