<?xml version="1.0" encoding="UTF-8"?>
<!-- Generated by org.testng.reporters.JUnitReportReporter -->
<testsuite hostname="Syeds-Air" failures="0" tests="1" name="practiceTestCases_51.TestCase20" time="12.375" errors="0" timestamp="2023-05-21T21:57:10 EDT" skipped="0">
  <testcase classname="practiceTestCases_51.TestCase20" name="myAccountLoginWithWrongLoginCredentials" time="12.375"/>
  <system-out/>
</testsuite> <!-- practiceTestCases_51.TestCase20 -->
