<?xml version="1.0" encoding="UTF-8"?>
<!-- Generated by org.testng.reporters.JUnitReportReporter -->
<testsuite hostname="Syeds-Air" failures="0" tests="1" name="practiceTestCases_51.TestCase29" time="12.161" errors="0" timestamp="2023-05-21T23:44:13 EDT" skipped="0">
  <testcase classname="practiceTestCases_51.TestCase29" name="accountRegistrationUsingEmptyEmail" time="12.161"/>
  <system-out/>
</testsuite> <!-- practiceTestCases_51.TestCase29 -->
