<?xml version="1.0" encoding="UTF-8"?>
<!-- Generated by org.testng.reporters.JUnitReportReporter -->
<testsuite hostname="Syeds-Air" failures="0" tests="4" name="practiceTestCases_51.TestCase11" time="29.287" errors="0" timestamp="2023-05-21T15:48:37 EDT" skipped="0">
  <testcase classname="practiceTestCases_51.TestCase11" name="clickHome" time="6.382"/>
  <system-out/>
  <testcase classname="practiceTestCases_51.TestCase11" name="clickShop" time="3.383"/>
  <system-out/>
  <testcase classname="practiceTestCases_51.TestCase11" name="arrivalCount" time="12.878"/>
  <system-out/>
  <testcase classname="practiceTestCases_51.TestCase11" name="clickOnImageAndAddBookBasketProceedToCheckoutAndRemoveTheBookFromBasket" time="6.644"/>
  <system-out/>
</testsuite> <!-- practiceTestCases_51.TestCase11 -->
