<?xml version="1.0" encoding="UTF-8"?>
<!-- Generated by org.testng.reporters.JUnitReportReporter -->
<testsuite hostname="DESKTOP-8J1GC5Q" failures="0" tests="2" name="seleniumDay05.DropDownTestCase" time="9.996" errors="0" timestamp="2023-05-24T20:53:48 EDT" skipped="0">
  <testcase classname="seleniumDay05.DropDownTestCase" name="statiDropdown" time="6.209"/>
  <system-out/>
  <testcase classname="seleniumDay05.DropDownTestCase" name="openBrowser" time="3.787"/>
  <system-out/>
</testsuite> <!-- seleniumDay05.DropDownTestCase -->
