<?xml version="1.0" encoding="UTF-8"?>
<!-- Generated by org.testng.reporters.JUnitReportReporter -->
<testsuite hostname="Syeds-MacBook-Air.local" failures="0" tests="1" name="seleniumDay08.configuringTestNG" time="0.018" errors="0" timestamp="2023-05-11T21:49:25 EDT" skipped="0">
  <testcase classname="seleniumDay08.configuringTestNG" name="test1" time="0.018"/>
  <system-out/>
</testsuite> <!-- seleniumDay08.configuringTestNG -->
