<?xml version="1.0" encoding="UTF-8"?>
<!-- Generated by org.testng.reporters.JUnitReportReporter -->
<testsuite hostname="Syeds-Air" failures="0" tests="1" name="practiceTestCases_51.TestCase25" time="17.320" errors="0" timestamp="2023-05-21T22:08:04 EDT" skipped="0">
  <testcase classname="practiceTestCases_51.TestCase25" name="checkingCaseSensitivityOfLoginCredentials" time="17.320"/>
  <system-out/>
</testsuite> <!-- practiceTestCases_51.TestCase25 -->
