<?xml version="1.0" encoding="UTF-8"?>
<!-- Generated by org.testng.reporters.JUnitReportReporter -->
<testsuite hostname="DESKTOP-8J1GC5Q" failures="0" tests="2" name="testNG_Topics.testNG_HomepageTests" time="0.006" errors="0" timestamp="2023-05-16T20:21:02 EDT" skipped="0">
  <testcase classname="testNG_Topics.testNG_HomepageTests" name="homePageTest2" time="0.001"/>
  <system-out/>
  <testcase classname="testNG_Topics.testNG_HomepageTests" name="homePageTest1" time="0.005"/>
  <system-out/>
</testsuite> <!-- testNG_Topics.testNG_HomepageTests -->
