<?xml version="1.0" encoding="UTF-8"?>
<!-- Generated by org.testng.reporters.JUnitReportReporter -->
<testsuite hostname="Syeds-Air" failures="0" tests="1" name="practiceTestCases_51.TestCase30" time="9.001" errors="0" timestamp="2023-05-21T23:46:32 EDT" skipped="0">
  <testcase classname="practiceTestCases_51.TestCase30" name="accountRegistrationUsingInvalidPassword" time="9.001"/>
  <system-out/>
</testsuite> <!-- practiceTestCases_51.TestCase30 -->
