<?xml version="1.0" encoding="UTF-8"?>
<!-- Generated by org.testng.reporters.JUnitReportReporter -->
<testsuite hostname="Syeds-Air" failures="0" tests="4" name="practiceTestCases_51.TestCase07" time="27.444" errors="0" timestamp="2023-05-21T14:19:43 EDT" skipped="0">
  <testcase classname="practiceTestCases_51.TestCase07" name="clickHome" time="6.810"/>
  <system-out/>
  <testcase classname="practiceTestCases_51.TestCase07" name="clickShop" time="3.459"/>
  <system-out/>
  <testcase classname="practiceTestCases_51.TestCase07" name="arrivalCount" time="10.642"/>
  <system-out/>
  <testcase classname="practiceTestCases_51.TestCase07" name="clickOnImageAndAddToBasket" time="6.533"/>
  <system-out/>
</testsuite> <!-- practiceTestCases_51.TestCase07 -->
