<?xml version="1.0" encoding="UTF-8"?>
<!-- Generated by org.testng.reporters.JUnitReportReporter -->
<testsuite hostname="Syeds-Air" failures="0" tests="1" name="practiceTestCases_51.TestCase28" time="13.529" errors="0" timestamp="2023-05-21T23:42:51 EDT" skipped="0">
  <testcase classname="practiceTestCases_51.TestCase28" name="accountRegistrationUsingInvalidEmail" time="13.529"/>
  <system-out/>
</testsuite> <!-- practiceTestCases_51.TestCase28 -->
